TN:
SF:C:\Users\mozay\Documents\GitHub\SendIT\server\dist\dev-tests\test.js
FN:15,_interopRequireDefault
FNF:1
FNH:1
FNDA:3,_interopRequireDefault
DA:3,1
DA:5,1
DA:7,1
DA:9,1
DA:11,1
DA:13,1
DA:15,3
DA:17,1
DA:19,1
DA:21,1
DA:22,1
DA:23,1
DA:24,1
DA:27,1
DA:28,1
DA:31,1
DA:32,1
LF:17
LH:17
BRDA:15,1,0,1
BRDA:15,1,1,2
BRDA:15,2,0,3
BRDA:15,2,1,3
BRF:4
BRH:4
end_of_record
TN:
SF:C:\Users\mozay\Documents\GitHub\SendIT\server\dist\models\user.js
FNF:0
FNH:0
DA:3,1
DA:6,1
DA:16,1
LF:3
LH:3
BRF:0
BRH:0
end_of_record
